mode: set
github.com/kryovyx/rextension-health/check_cache.go:44.74,50.2 1 1
github.com/kryovyx/rextension-health/check_cache.go:53.88,57.37 2 1
github.com/kryovyx/rextension-health/check_cache.go:57.37,58.22 1 1
github.com/kryovyx/rextension-health/check_cache.go:58.22,60.4 1 1
github.com/kryovyx/rextension-health/check_cache.go:61.3,61.28 1 1
github.com/kryovyx/rextension-health/check_cache.go:65.2,66.76 2 1
github.com/kryovyx/rextension-health/check_cache.go:66.76,67.22 1 1
github.com/kryovyx/rextension-health/check_cache.go:67.22,69.4 1 1
github.com/kryovyx/rextension-health/check_cache.go:70.3,71.23 2 1
github.com/kryovyx/rextension-health/check_cache.go:73.2,76.21 2 1
github.com/kryovyx/rextension-health/check_cache.go:76.21,78.3 1 1
github.com/kryovyx/rextension-health/check_cache.go:79.2,83.13 3 1
github.com/kryovyx/rextension-health/check_cache.go:83.13,90.3 3 1
github.com/kryovyx/rextension-health/check_cache.go:93.2,93.25 1 1
github.com/kryovyx/rextension-health/check_cache.go:93.25,94.32 1 1
github.com/kryovyx/rextension-health/check_cache.go:94.32,96.4 1 1
github.com/kryovyx/rextension-health/check_cache.go:96.9,98.4 1 1
github.com/kryovyx/rextension-health/check_cache.go:99.3,99.62 1 1
github.com/kryovyx/rextension-health/check_cache.go:102.2,102.21 1 1
github.com/kryovyx/rextension-health/check_cache.go:102.21,104.3 1 1
github.com/kryovyx/rextension-health/check_cache.go:106.2,106.15 1 1
github.com/kryovyx/rextension-health/check_cache.go:110.46,114.2 3 1
github.com/kryovyx/rextension-health/check_cache.go:117.30,121.2 3 1
github.com/kryovyx/rextension-health/circuit_breaker.go:24.57,31.2 1 1
github.com/kryovyx/rextension-health/circuit_breaker.go:61.65,66.2 1 1
github.com/kryovyx/rextension-health/circuit_breaker.go:69.109,77.33 2 1
github.com/kryovyx/rextension-health/circuit_breaker.go:77.33,79.3 1 1
github.com/kryovyx/rextension-health/circuit_breaker.go:80.2,80.11 1 1
github.com/kryovyx/rextension-health/circuit_breaker.go:84.48,89.2 4 1
github.com/kryovyx/rextension-health/circuit_breaker.go:92.40,97.18 4 1
github.com/kryovyx/rextension-health/circuit_breaker.go:98.21,99.14 1 1
github.com/kryovyx/rextension-health/circuit_breaker.go:100.19,101.15 1 1
github.com/kryovyx/rextension-health/circuit_breaker.go:102.23,103.49 1 1
github.com/kryovyx/rextension-health/circuit_breaker.go:103.49,106.4 2 1
github.com/kryovyx/rextension-health/circuit_breaker.go:107.3,107.15 1 1
github.com/kryovyx/rextension-health/circuit_breaker.go:109.2,109.14 1 0
github.com/kryovyx/rextension-health/circuit_breaker.go:113.37,117.33 3 1
github.com/kryovyx/rextension-health/circuit_breaker.go:117.33,119.49 2 1
github.com/kryovyx/rextension-health/circuit_breaker.go:119.49,125.4 5 1
github.com/kryovyx/rextension-health/circuit_breaker.go:126.8,126.38 1 1
github.com/kryovyx/rextension-health/circuit_breaker.go:126.38,128.3 1 1
github.com/kryovyx/rextension-health/circuit_breaker.go:132.37,139.33 5 1
github.com/kryovyx/rextension-health/circuit_breaker.go:139.33,145.3 4 1
github.com/kryovyx/rextension-health/circuit_breaker.go:145.8,145.55 1 1
github.com/kryovyx/rextension-health/circuit_breaker.go:145.55,148.3 2 1
github.com/kryovyx/rextension-health/circuit_breaker.go:148.8,148.57 1 1
github.com/kryovyx/rextension-health/circuit_breaker.go:148.57,150.3 1 1
github.com/kryovyx/rextension-health/circuit_breaker.go:154.35,162.2 7 1
github.com/kryovyx/rextension-health/circuit_breaker.go:165.40,166.77 1 1
github.com/kryovyx/rextension-health/circuit_breaker.go:166.77,171.3 4 1
github.com/kryovyx/rextension-health/circuit_breaker.go:175.68,176.44 1 1
github.com/kryovyx/rextension-health/circuit_breaker.go:176.44,179.3 2 1
github.com/kryovyx/rextension-health/client_wrapper.go:16.62,17.36 1 1
github.com/kryovyx/rextension-health/client_wrapper.go:17.36,19.3 1 1
github.com/kryovyx/rextension-health/client_wrapper.go:23.74,24.36 1 1
github.com/kryovyx/rextension-health/client_wrapper.go:24.36,27.3 2 1
github.com/kryovyx/rextension-health/client_wrapper.go:31.61,32.36 1 1
github.com/kryovyx/rextension-health/client_wrapper.go:32.36,34.3 1 1
github.com/kryovyx/rextension-health/client_wrapper.go:56.114,57.19 1 1
github.com/kryovyx/rextension-health/client_wrapper.go:57.19,59.3 1 1
github.com/kryovyx/rextension-health/client_wrapper.go:60.2,68.27 2 1
github.com/kryovyx/rextension-health/client_wrapper.go:68.27,70.3 1 1
github.com/kryovyx/rextension-health/client_wrapper.go:71.2,71.10 1 1
github.com/kryovyx/rextension-health/client_wrapper.go:75.96,77.58 1 1
github.com/kryovyx/rextension-health/client_wrapper.go:77.58,79.3 1 1
github.com/kryovyx/rextension-health/client_wrapper.go:82.2,92.32 8 1
github.com/kryovyx/rextension-health/client_wrapper.go:92.32,94.42 2 1
github.com/kryovyx/rextension-health/client_wrapper.go:94.42,95.9 1 1
github.com/kryovyx/rextension-health/client_wrapper.go:97.3,97.21 1 1
github.com/kryovyx/rextension-health/client_wrapper.go:97.21,99.4 1 1
github.com/kryovyx/rextension-health/client_wrapper.go:102.2,105.59 2 1
github.com/kryovyx/rextension-health/client_wrapper.go:105.59,107.17 2 1
github.com/kryovyx/rextension-health/client_wrapper.go:107.17,109.4 1 1
github.com/kryovyx/rextension-health/client_wrapper.go:109.9,111.4 1 1
github.com/kryovyx/rextension-health/client_wrapper.go:112.3,113.30 2 1
github.com/kryovyx/rextension-health/client_wrapper.go:113.30,115.4 1 1
github.com/kryovyx/rextension-health/client_wrapper.go:116.8,118.30 2 1
github.com/kryovyx/rextension-health/client_wrapper.go:118.30,120.4 1 1
github.com/kryovyx/rextension-health/client_wrapper.go:123.2,123.18 1 1
github.com/kryovyx/rextension-health/client_wrapper.go:127.90,129.16 2 1
github.com/kryovyx/rextension-health/client_wrapper.go:129.16,131.3 1 1
github.com/kryovyx/rextension-health/client_wrapper.go:132.2,132.23 1 1
github.com/kryovyx/rextension-health/client_wrapper.go:136.117,138.16 2 1
github.com/kryovyx/rextension-health/client_wrapper.go:138.16,140.3 1 1
github.com/kryovyx/rextension-health/client_wrapper.go:141.2,142.23 2 1
github.com/kryovyx/rextension-health/client_wrapper.go:145.66,146.42 1 1
github.com/kryovyx/rextension-health/client_wrapper.go:146.42,148.3 1 1
github.com/kryovyx/rextension-health/client_wrapper.go:151.59,152.42 1 1
github.com/kryovyx/rextension-health/client_wrapper.go:152.42,154.3 1 1
github.com/kryovyx/rextension-health/client_wrapper.go:162.43,164.2 1 1
github.com/kryovyx/rextension-health/client_wrapper.go:182.87,188.2 1 1
github.com/kryovyx/rextension-health/client_wrapper.go:190.60,191.25 1 1
github.com/kryovyx/rextension-health/client_wrapper.go:191.25,193.3 1 1
github.com/kryovyx/rextension-health/client_wrapper.go:194.2,194.17 1 1
github.com/kryovyx/rextension-health/client_wrapper.go:194.17,196.3 1 1
github.com/kryovyx/rextension-health/client_wrapper.go:199.53,200.25 1 1
github.com/kryovyx/rextension-health/client_wrapper.go:200.25,202.3 1 1
github.com/kryovyx/rextension-health/client_wrapper.go:203.2,203.17 1 1
github.com/kryovyx/rextension-health/client_wrapper.go:203.17,205.3 1 1
github.com/kryovyx/rextension-health/config.go:36.33,48.2 1 1
github.com/kryovyx/rextension-health/config.go:54.45,55.25 1 1
github.com/kryovyx/rextension-health/config.go:55.25,57.3 1 1
github.com/kryovyx/rextension-health/config.go:61.46,62.25 1 1
github.com/kryovyx/rextension-health/config.go:62.25,64.3 1 1
github.com/kryovyx/rextension-health/config.go:68.47,69.25 1 1
github.com/kryovyx/rextension-health/config.go:69.25,71.3 1 1
github.com/kryovyx/rextension-health/config.go:75.53,76.25 1 1
github.com/kryovyx/rextension-health/config.go:76.25,78.3 1 1
github.com/kryovyx/rextension-health/config.go:82.57,83.25 1 1
github.com/kryovyx/rextension-health/config.go:83.25,85.3 1 1
github.com/kryovyx/rextension-health/config.go:89.54,90.25 1 1
github.com/kryovyx/rextension-health/config.go:90.25,92.3 1 1
github.com/kryovyx/rextension-health/config.go:97.61,98.25 1 1
github.com/kryovyx/rextension-health/config.go:98.25,100.3 1 1
github.com/kryovyx/rextension-health/config.go:104.65,105.25 1 1
github.com/kryovyx/rextension-health/config.go:105.25,107.3 1 1
github.com/kryovyx/rextension-health/config.go:111.51,112.25 1 1
github.com/kryovyx/rextension-health/config.go:112.25,114.3 1 1
github.com/kryovyx/rextension-health/config.go:118.46,120.27 2 1
github.com/kryovyx/rextension-health/config.go:120.27,122.3 1 1
github.com/kryovyx/rextension-health/config.go:123.2,123.10 1 1
github.com/kryovyx/rextension-health/dep_state.go:30.33,31.11 1 1
github.com/kryovyx/rextension-health/dep_state.go:32.16,33.14 1 1
github.com/kryovyx/rextension-health/dep_state.go:34.22,35.20 1 1
github.com/kryovyx/rextension-health/dep_state.go:36.18,37.16 1 1
github.com/kryovyx/rextension-health/dep_state.go:38.21,39.19 1 1
github.com/kryovyx/rextension-health/dep_state.go:40.10,41.19 1 1
github.com/kryovyx/rextension-health/dep_state.go:46.47,48.2 1 1
github.com/kryovyx/rextension-health/dep_state.go:51.51,53.62 2 1
github.com/kryovyx/rextension-health/dep_state.go:53.62,55.3 1 1
github.com/kryovyx/rextension-health/dep_state.go:56.2,56.13 1 1
github.com/kryovyx/rextension-health/dep_state.go:57.12,58.16 1 1
github.com/kryovyx/rextension-health/dep_state.go:59.18,60.22 1 1
github.com/kryovyx/rextension-health/dep_state.go:61.14,62.18 1 1
github.com/kryovyx/rextension-health/dep_state.go:63.10,64.21 1 1
github.com/kryovyx/rextension-health/dep_state.go:66.2,66.12 1 1
github.com/kryovyx/rextension-health/dep_state.go:70.34,72.2 1 1
github.com/kryovyx/rextension-health/dep_state.go:75.29,77.2 1 1
github.com/kryovyx/rextension-health/dep_state.go:97.39,105.2 1 1
github.com/kryovyx/rextension-health/dep_state.go:108.38,112.31 4 1
github.com/kryovyx/rextension-health/dep_state.go:112.31,114.3 1 1
github.com/kryovyx/rextension-health/dep_state.go:115.2,116.26 2 1
github.com/kryovyx/rextension-health/dep_state.go:116.26,119.3 2 1
github.com/kryovyx/rextension-health/dep_state.go:120.2,120.26 1 1
github.com/kryovyx/rextension-health/dep_state.go:120.26,123.3 2 1
github.com/kryovyx/rextension-health/dep_state.go:124.2,137.3 1 1
github.com/kryovyx/rextension-health/dep_state.go:141.61,147.2 5 1
github.com/kryovyx/rextension-health/dep_state.go:150.47,153.23 3 1
github.com/kryovyx/rextension-health/dep_state.go:153.23,155.3 1 1
github.com/kryovyx/rextension-health/dep_state.go:156.2,156.25 1 1
github.com/kryovyx/rextension-health/dep_state.go:160.47,164.2 3 1
github.com/kryovyx/rextension-health/dep_state.go:179.39,180.11 1 1
github.com/kryovyx/rextension-health/dep_state.go:181.21,182.18 1 1
github.com/kryovyx/rextension-health/dep_state.go:183.19,184.16 1 1
github.com/kryovyx/rextension-health/dep_state.go:185.23,186.21 1 1
github.com/kryovyx/rextension-health/dep_state.go:187.10,188.19 1 1
github.com/kryovyx/rextension-health/dep_state_store.go:41.55,47.2 1 1
github.com/kryovyx/rextension-health/dep_state_store_default.go:21.62,28.2 1 1
github.com/kryovyx/rextension-health/dep_state_store_default.go:31.50,34.35 3 1
github.com/kryovyx/rextension-health/dep_state_store_default.go:34.35,36.3 1 1
github.com/kryovyx/rextension-health/dep_state_store_default.go:37.2,37.12 1 1
github.com/kryovyx/rextension-health/dep_state_store_default.go:41.55,45.29 4 1
github.com/kryovyx/rextension-health/dep_state_store_default.go:45.29,47.3 1 1
github.com/kryovyx/rextension-health/dep_state_store_default.go:48.2,48.15 1 1
github.com/kryovyx/rextension-health/dep_state_store_default.go:52.55,55.35 3 1
github.com/kryovyx/rextension-health/dep_state_store_default.go:55.35,57.3 1 1
github.com/kryovyx/rextension-health/dep_state_store_default.go:58.2,60.14 3 1
github.com/kryovyx/rextension-health/dep_state_store_default.go:64.73,68.9 4 1
github.com/kryovyx/rextension-health/dep_state_store_default.go:68.9,71.3 2 1
github.com/kryovyx/rextension-health/dep_state_store_default.go:73.2,83.27 8 1
github.com/kryovyx/rextension-health/dep_state_store_default.go:83.27,85.3 1 1
github.com/kryovyx/rextension-health/dep_state_store_default.go:85.8,88.3 2 1
github.com/kryovyx/rextension-health/dep_state_store_default.go:91.2,94.36 4 1
github.com/kryovyx/rextension-health/dep_state_store_default.go:98.66,102.9 4 1
github.com/kryovyx/rextension-health/dep_state_store_default.go:102.9,105.3 2 1
github.com/kryovyx/rextension-health/dep_state_store_default.go:107.2,117.53 8 1
github.com/kryovyx/rextension-health/dep_state_store_default.go:117.53,120.3 2 1
github.com/kryovyx/rextension-health/dep_state_store_default.go:120.8,120.61 1 1
github.com/kryovyx/rextension-health/dep_state_store_default.go:120.61,122.3 1 1
github.com/kryovyx/rextension-health/dep_state_store_default.go:126.77,130.9 4 1
github.com/kryovyx/rextension-health/dep_state_store_default.go:130.9,133.3 2 1
github.com/kryovyx/rextension-health/dep_state_store_default.go:134.2,134.34 1 1
github.com/kryovyx/rextension-health/dep_state_store_default.go:138.79,142.9 4 1
github.com/kryovyx/rextension-health/dep_state_store_default.go:142.9,144.3 1 1
github.com/kryovyx/rextension-health/dep_state_store_default.go:145.2,147.19 3 1
github.com/kryovyx/rextension-health/dep_state_store_default.go:151.43,155.2 3 1
github.com/kryovyx/rextension-health/extension.go:43.51,45.16 2 1
github.com/kryovyx/rextension-health/extension.go:45.16,46.25 1 1
github.com/kryovyx/rextension-health/extension.go:46.25,48.4 1 1
github.com/kryovyx/rextension-health/extension.go:49.3,49.26 1 1
github.com/kryovyx/rextension-health/extension.go:49.26,51.4 1 1
github.com/kryovyx/rextension-health/extension.go:52.3,52.27 1 1
github.com/kryovyx/rextension-health/extension.go:52.27,54.4 1 1
github.com/kryovyx/rextension-health/extension.go:55.3,55.27 1 1
github.com/kryovyx/rextension-health/extension.go:55.27,57.4 1 1
github.com/kryovyx/rextension-health/extension.go:58.3,59.28 2 1
github.com/kryovyx/rextension-health/extension.go:59.28,61.4 1 1
github.com/kryovyx/rextension-health/extension.go:62.3,63.52 2 1
github.com/kryovyx/rextension-health/extension.go:65.2,65.34 1 1
github.com/kryovyx/rextension-health/extension.go:69.40,70.24 1 1
github.com/kryovyx/rextension-health/extension.go:70.24,72.3 1 1
github.com/kryovyx/rextension-health/extension.go:76.77,83.26 5 1
github.com/kryovyx/rextension-health/extension.go:83.26,85.3 1 1
github.com/kryovyx/rextension-health/extension.go:88.2,109.75 15 1
github.com/kryovyx/rextension-health/extension.go:109.75,110.72 1 1
github.com/kryovyx/rextension-health/extension.go:110.72,113.42 2 1
github.com/kryovyx/rextension-health/extension.go:113.42,117.5 3 1
github.com/kryovyx/rextension-health/extension.go:121.2,124.26 2 1
github.com/kryovyx/rextension-health/extension.go:124.26,125.68 1 1
github.com/kryovyx/rextension-health/extension.go:125.68,126.56 1 1
github.com/kryovyx/rextension-health/extension.go:126.56,129.5 2 1
github.com/kryovyx/rextension-health/extension.go:134.2,134.32 1 1
github.com/kryovyx/rextension-health/extension.go:134.32,137.64 3 1
github.com/kryovyx/rextension-health/extension.go:137.64,140.4 2 1
github.com/kryovyx/rextension-health/extension.go:141.3,141.63 1 1
github.com/kryovyx/rextension-health/extension.go:144.2,144.12 1 1
github.com/kryovyx/rextension-health/extension.go:148.72,152.29 2 1
github.com/kryovyx/rextension-health/extension.go:152.29,155.3 2 1
github.com/kryovyx/rextension-health/extension.go:158.2,163.25 5 1
github.com/kryovyx/rextension-health/extension.go:163.25,164.51 1 1
github.com/kryovyx/rextension-health/extension.go:164.51,167.4 2 1
github.com/kryovyx/rextension-health/extension.go:168.3,168.52 1 1
github.com/kryovyx/rextension-health/extension.go:168.52,171.4 2 1
github.com/kryovyx/rextension-health/extension.go:172.3,172.53 1 1
github.com/kryovyx/rextension-health/extension.go:172.53,175.4 2 1
github.com/kryovyx/rextension-health/extension.go:176.8,177.73 1 1
github.com/kryovyx/rextension-health/extension.go:177.73,180.4 2 1
github.com/kryovyx/rextension-health/extension.go:181.3,181.74 1 1
github.com/kryovyx/rextension-health/extension.go:181.74,184.4 2 1
github.com/kryovyx/rextension-health/extension.go:185.3,185.75 1 1
github.com/kryovyx/rextension-health/extension.go:185.75,188.4 2 1
github.com/kryovyx/rextension-health/extension.go:191.2,194.12 2 1
github.com/kryovyx/rextension-health/extension.go:198.72,198.86 1 1
github.com/kryovyx/rextension-health/extension.go:201.71,205.2 3 1
github.com/kryovyx/rextension-health/extension.go:208.75,212.2 3 1
github.com/kryovyx/rextension-health/extension.go:215.47,217.2 1 1
github.com/kryovyx/rextension-health/extension.go:220.54,222.2 1 1
github.com/kryovyx/rextension-health/extension.go:225.57,227.2 1 1
github.com/kryovyx/rextension-health/extension.go:230.53,232.2 1 1
github.com/kryovyx/rextension-health/extension.go:235.51,237.2 1 1
github.com/kryovyx/rextension-health/extension.go:240.63,250.2 1 1
github.com/kryovyx/rextension-health/extension.go:254.60,256.2 1 1
github.com/kryovyx/rextension-health/extension.go:260.93,262.2 1 1
github.com/kryovyx/rextension-health/health_check.go:29.36,30.11 1 1
github.com/kryovyx/rextension-health/health_check.go:31.23,32.18 1 1
github.com/kryovyx/rextension-health/health_check.go:33.24,34.19 1 1
github.com/kryovyx/rextension-health/health_check.go:35.25,36.21 1 1
github.com/kryovyx/rextension-health/health_check.go:37.10,38.19 1 1
github.com/kryovyx/rextension-health/health_check.go:52.89,59.2 1 1
github.com/kryovyx/rextension-health/health_check.go:99.47,100.28 1 1
github.com/kryovyx/rextension-health/health_check.go:100.28,102.3 1 1
github.com/kryovyx/rextension-health/health_check.go:106.48,107.28 1 1
github.com/kryovyx/rextension-health/health_check.go:107.28,109.3 1 1
github.com/kryovyx/rextension-health/health_check.go:113.43,114.28 1 1
github.com/kryovyx/rextension-health/health_check.go:114.28,116.3 1 1
github.com/kryovyx/rextension-health/health_check.go:123.48,124.28 1 1
github.com/kryovyx/rextension-health/health_check.go:124.28,126.3 1 1
github.com/kryovyx/rextension-health/health_check.go:131.50,132.28 1 1
github.com/kryovyx/rextension-health/health_check.go:132.28,134.3 1 1
github.com/kryovyx/rextension-health/health_check.go:138.75,148.27 2 1
github.com/kryovyx/rextension-health/health_check.go:148.27,150.3 1 1
github.com/kryovyx/rextension-health/health_check.go:152.2,152.33 1 1
github.com/kryovyx/rextension-health/health_check.go:152.33,154.3 1 1
github.com/kryovyx/rextension-health/health_check.go:155.2,155.10 1 1
github.com/kryovyx/rextension-health/health_check.go:158.46,158.63 1 1
github.com/kryovyx/rextension-health/health_check.go:159.46,159.66 1 1
github.com/kryovyx/rextension-health/health_check.go:160.46,160.68 1 1
github.com/kryovyx/rextension-health/health_check.go:161.46,161.63 1 1
github.com/kryovyx/rextension-health/health_check.go:162.46,162.63 1 1
github.com/kryovyx/rextension-health/health_check.go:163.46,163.67 1 1
github.com/kryovyx/rextension-health/health_check.go:166.56,168.2 1 1
github.com/kryovyx/rextension-health/health_check.go:170.63,178.12 5 1
github.com/kryovyx/rextension-health/health_check.go:178.12,179.16 1 1
github.com/kryovyx/rextension-health/health_check.go:179.16,180.32 1 1
github.com/kryovyx/rextension-health/health_check.go:180.32,182.5 1 1
github.com/kryovyx/rextension-health/health_check.go:184.3,184.36 1 1
github.com/kryovyx/rextension-health/health_check.go:187.2,187.9 1 1
github.com/kryovyx/rextension-health/health_check.go:188.28,191.16 3 1
github.com/kryovyx/rextension-health/health_check.go:192.20,193.74 1 1
github.com/kryovyx/rextension-health/health_check.go:207.110,215.2 1 1
github.com/kryovyx/rextension-health/health_check.go:217.52,217.69 1 1
github.com/kryovyx/rextension-health/health_check.go:218.52,218.74 1 1
github.com/kryovyx/rextension-health/health_check.go:219.52,219.74 1 1
github.com/kryovyx/rextension-health/health_check.go:220.52,220.69 1 1
github.com/kryovyx/rextension-health/health_check.go:221.52,221.78 1 1
github.com/kryovyx/rextension-health/health_check.go:222.52,222.64 1 1
github.com/kryovyx/rextension-health/health_check.go:224.69,226.18 2 1
github.com/kryovyx/rextension-health/health_check.go:226.18,228.3 1 1
github.com/kryovyx/rextension-health/health_check.go:229.2,231.15 3 1
github.com/kryovyx/rextension-health/health_dep_route.go:26.79,31.2 1 1
github.com/kryovyx/rextension-health/health_dep_route.go:34.58,36.2 1 1
github.com/kryovyx/rextension-health/health_dep_route.go:39.110,44.2 1 1
github.com/kryovyx/rextension-health/middleware.go:37.63,38.55 1 1
github.com/kryovyx/rextension-health/middleware.go:38.55,39.44 1 1
github.com/kryovyx/rextension-health/middleware.go:39.44,41.4 1 1
github.com/kryovyx/rextension-health/middleware.go:43.2,43.12 1 1
github.com/kryovyx/rextension-health/middleware.go:47.57,49.16 2 1
github.com/kryovyx/rextension-health/middleware.go:49.16,51.3 1 1
github.com/kryovyx/rextension-health/middleware.go:52.2,52.37 1 1
github.com/kryovyx/rextension-health/middleware.go:52.37,53.17 1 1
github.com/kryovyx/rextension-health/middleware.go:53.17,55.4 1 1
github.com/kryovyx/rextension-health/middleware.go:57.2,57.14 1 1
github.com/kryovyx/rextension-health/middleware.go:61.63,63.16 2 1
github.com/kryovyx/rextension-health/middleware.go:63.16,65.3 1 1
github.com/kryovyx/rextension-health/middleware.go:66.2,66.32 1 1
github.com/kryovyx/rextension-health/middleware.go:92.49,98.2 1 1
github.com/kryovyx/rextension-health/middleware.go:108.46,110.2 1 1
github.com/kryovyx/rextension-health/middleware.go:119.84,122.9 2 1
github.com/kryovyx/rextension-health/middleware.go:122.9,125.3 2 1
github.com/kryovyx/rextension-health/middleware.go:128.2,128.48 1 1
github.com/kryovyx/rextension-health/middleware.go:128.48,129.94 1 1
github.com/kryovyx/rextension-health/middleware.go:129.94,131.4 1 1
github.com/kryovyx/rextension-health/middleware.go:135.2,135.49 1 1
github.com/kryovyx/rextension-health/middleware.go:135.49,136.127 1 1
github.com/kryovyx/rextension-health/middleware.go:136.127,138.4 1 1
github.com/kryovyx/rextension-health/middleware.go:141.2,141.12 1 1
github.com/kryovyx/rextension-health/middleware.go:146.85,148.93 1 1
github.com/kryovyx/rextension-health/middleware.go:148.93,150.3 1 1
github.com/kryovyx/rextension-health/middleware.go:153.2,153.126 1 1
github.com/kryovyx/rextension-health/middleware.go:153.126,155.3 1 1
github.com/kryovyx/rextension-health/middleware.go:157.2,157.12 1 1
github.com/kryovyx/rextension-health/middleware_default.go:22.79,23.66 1 1
github.com/kryovyx/rextension-health/middleware_default.go:23.66,24.40 1 1
github.com/kryovyx/rextension-health/middleware_default.go:24.40,27.60 2 1
github.com/kryovyx/rextension-health/middleware_default.go:27.60,30.5 2 1
github.com/kryovyx/rextension-health/middleware_default.go:30.10,33.5 1 1
github.com/kryovyx/rextension-health/middleware_default.go:35.4,35.21 1 1
github.com/kryovyx/rextension-health/middleware_default.go:35.21,38.5 1 1
github.com/kryovyx/rextension-health/middleware_default.go:41.4,41.30 1 1
github.com/kryovyx/rextension-health/middleware_default.go:41.30,43.5 1 1
github.com/kryovyx/rextension-health/middleware_default.go:45.4,46.22 2 1
github.com/kryovyx/rextension-health/middleware_default.go:46.22,49.5 1 1
github.com/kryovyx/rextension-health/middleware_default.go:52.4,60.48 3 1
github.com/kryovyx/rextension-health/middleware_default.go:60.48,63.5 2 1
github.com/kryovyx/rextension-health/middleware_default.go:63.10,63.36 1 1
github.com/kryovyx/rextension-health/middleware_default.go:63.36,65.5 1 1
github.com/kryovyx/rextension-health/middleware_default.go:68.4,69.27 2 1
github.com/kryovyx/rextension-health/middleware_default.go:69.27,71.5 1 1
github.com/kryovyx/rextension-health/middleware_default.go:74.4,74.29 1 1
github.com/kryovyx/rextension-health/middleware_default.go:74.29,78.73 2 1
github.com/kryovyx/rextension-health/middleware_default.go:78.73,79.103 1 1
github.com/kryovyx/rextension-health/middleware_default.go:79.103,81.7 1 1
github.com/kryovyx/rextension-health/middleware_default.go:84.5,84.21 1 1
github.com/kryovyx/rextension-health/middleware_default.go:84.21,89.6 3 1
github.com/kryovyx/rextension-health/middleware_default.go:90.5,93.37 2 1
github.com/kryovyx/rextension-health/middleware_default.go:93.37,94.37 1 1
github.com/kryovyx/rextension-health/middleware_default.go:94.37,97.26 2 1
github.com/kryovyx/rextension-health/middleware_default.go:97.26,99.8 1 1
github.com/kryovyx/rextension-health/middleware_default.go:100.7,101.20 2 1
github.com/kryovyx/rextension-health/middleware_default.go:101.20,103.8 1 1
github.com/kryovyx/rextension-health/middleware_default.go:106.7,106.63 1 1
github.com/kryovyx/rextension-health/middleware_default.go:106.63,114.8 2 1
github.com/kryovyx/rextension-health/middleware_default.go:116.7,121.8 1 1
github.com/kryovyx/rextension-health/middleware_default.go:124.6,124.60 1 1
github.com/kryovyx/rextension-health/middleware_default.go:129.4,130.20 2 1
github.com/kryovyx/rextension-health/middleware_default.go:136.90,137.25 1 1
github.com/kryovyx/rextension-health/middleware_default.go:137.25,139.3 1 1
github.com/kryovyx/rextension-health/middleware_default.go:141.2,142.18 2 1
github.com/kryovyx/rextension-health/middleware_default.go:142.18,144.3 1 1
github.com/kryovyx/rextension-health/middleware_default.go:147.2,147.78 1 1
github.com/kryovyx/rextension-health/middleware_default.go:151.124,152.50 1 1
github.com/kryovyx/rextension-health/middleware_default.go:152.50,154.3 1 1
github.com/kryovyx/rextension-health/middleware_default.go:156.2,157.93 2 1
github.com/kryovyx/rextension-health/middleware_default.go:157.93,159.3 1 1
github.com/kryovyx/rextension-health/middleware_default.go:162.2,163.19 2 1
github.com/kryovyx/rextension-health/middleware_default.go:163.19,165.3 1 1
github.com/kryovyx/rextension-health/middleware_default.go:168.2,173.14 5 1
github.com/kryovyx/rextension-health/middleware_default.go:178.58,179.66 1 1
github.com/kryovyx/rextension-health/middleware_default.go:179.66,180.40 1 1
github.com/kryovyx/rextension-health/middleware_default.go:180.40,183.60 1 1
github.com/kryovyx/rextension-health/middleware_default.go:183.60,186.22 3 1
github.com/kryovyx/rextension-health/middleware_default.go:186.22,188.6 1 1
github.com/kryovyx/rextension-health/middleware_default.go:189.5,189.20 1 1
github.com/kryovyx/rextension-health/middleware_default.go:193.4,193.64 1 1
github.com/kryovyx/rextension-health/middleware_default.go:193.64,195.22 2 0
github.com/kryovyx/rextension-health/middleware_default.go:195.22,197.6 1 0
github.com/kryovyx/rextension-health/middleware_default.go:200.4,200.18 1 1
github.com/kryovyx/rextension-health/middleware_default.go:207.97,208.66 1 1
github.com/kryovyx/rextension-health/middleware_default.go:208.66,209.40 1 1
github.com/kryovyx/rextension-health/middleware_default.go:209.40,216.33 2 1
github.com/kryovyx/rextension-health/middleware_default.go:216.33,218.21 2 1
github.com/kryovyx/rextension-health/middleware_default.go:218.21,220.40 2 1
github.com/kryovyx/rextension-health/middleware_default.go:220.40,222.7 1 1
github.com/kryovyx/rextension-health/middleware_default.go:226.4,227.20 2 1
github.com/kryovyx/rextension-health/registry_default.go:26.29,30.2 1 1
github.com/kryovyx/rextension-health/registry_default.go:33.48,37.91 3 1
github.com/kryovyx/rextension-health/registry_default.go:37.91,39.3 1 1
github.com/kryovyx/rextension-health/registry_default.go:40.2,40.32 1 1
github.com/kryovyx/rextension-health/registry_default.go:44.44,48.2 3 1
github.com/kryovyx/rextension-health/registry_default.go:51.49,55.2 3 1
github.com/kryovyx/rextension-health/registry_default.go:58.43,62.33 4 1
github.com/kryovyx/rextension-health/registry_default.go:62.33,64.3 1 1
github.com/kryovyx/rextension-health/registry_default.go:65.2,65.15 1 1
github.com/kryovyx/rextension-health/registry_default.go:69.60,73.25 4 1
github.com/kryovyx/rextension-health/registry_default.go:73.25,75.3 1 1
github.com/kryovyx/rextension-health/registry_default.go:76.2,77.33 2 1
github.com/kryovyx/rextension-health/registry_default.go:77.33,78.34 1 1
github.com/kryovyx/rextension-health/registry_default.go:78.34,79.17 1 1
github.com/kryovyx/rextension-health/registry_default.go:79.17,81.10 2 1
github.com/kryovyx/rextension-health/registry_default.go:85.2,85.15 1 1
github.com/kryovyx/rextension-health/registry_default.go:89.55,93.33 4 1
github.com/kryovyx/rextension-health/registry_default.go:93.33,94.26 1 1
github.com/kryovyx/rextension-health/registry_default.go:94.26,96.4 1 1
github.com/kryovyx/rextension-health/registry_default.go:98.2,98.15 1 1
github.com/kryovyx/rextension-health/registry_default.go:102.52,106.33 4 1
github.com/kryovyx/rextension-health/registry_default.go:106.33,107.38 1 1
github.com/kryovyx/rextension-health/registry_default.go:107.38,109.4 1 1
github.com/kryovyx/rextension-health/registry_default.go:111.2,111.15 1 1
github.com/kryovyx/rextension-health/registry_default.go:115.53,119.33 4 1
github.com/kryovyx/rextension-health/registry_default.go:119.33,120.39 1 1
github.com/kryovyx/rextension-health/registry_default.go:120.39,122.4 1 1
github.com/kryovyx/rextension-health/registry_default.go:124.2,124.15 1 1
github.com/kryovyx/rextension-health/registry_default.go:128.87,133.31 4 1
github.com/kryovyx/rextension-health/registry_default.go:133.31,135.26 2 1
github.com/kryovyx/rextension-health/registry_default.go:135.26,141.4 5 1
github.com/kryovyx/rextension-health/registry_default.go:143.2,144.16 2 1
github.com/kryovyx/rextension-health/registry_default.go:148.76,150.2 1 1
github.com/kryovyx/rextension-health/registry_default.go:153.82,155.2 1 1
github.com/kryovyx/rextension-health/registry_default.go:158.95,160.2 1 1
github.com/kryovyx/rextension-health/registry_default.go:163.80,165.18 2 1
github.com/kryovyx/rextension-health/registry_default.go:165.18,167.3 1 1
github.com/kryovyx/rextension-health/registry_default.go:168.2,168.27 1 1
github.com/kryovyx/rextension-health/registry_default.go:174.76,176.15 2 1
github.com/kryovyx/rextension-health/registry_default.go:176.15,179.3 2 1
github.com/kryovyx/rextension-health/registry_default.go:180.2,184.21 4 1
github.com/kryovyx/rextension-health/registry_default.go:184.21,186.3 1 1
github.com/kryovyx/rextension-health/registry_default.go:188.2,188.38 1 1
github.com/kryovyx/rextension-health/registry_default.go:192.27,195.16 3 1
github.com/kryovyx/rextension-health/registry_default.go:195.16,197.3 1 1
github.com/kryovyx/rextension-health/registry_default.go:198.2,200.21 3 1
github.com/kryovyx/rextension-health/registry_default.go:200.21,202.3 1 1
github.com/kryovyx/rextension-health/registry_default.go:206.80,213.6 4 1
github.com/kryovyx/rextension-health/registry_default.go:213.6,214.10 1 1
github.com/kryovyx/rextension-health/registry_default.go:215.19,216.34 1 1
github.com/kryovyx/rextension-health/registry_default.go:217.21,218.10 1 1
github.com/kryovyx/rextension-health/registry_default.go:224.63,228.21 3 1
github.com/kryovyx/rextension-health/registry_default.go:228.21,230.3 1 1
github.com/kryovyx/rextension-health/registry_default.go:231.2,233.36 2 1
github.com/kryovyx/rextension-health/registry_default.go:233.36,234.32 1 1
github.com/kryovyx/rextension-health/registry_default.go:234.32,236.4 1 1
github.com/kryovyx/rextension-health/registry_default.go:236.9,238.4 1 1
github.com/kryovyx/rextension-health/registry_default.go:240.3,241.22 2 1
github.com/kryovyx/rextension-health/registry_default.go:241.22,243.4 1 1
github.com/kryovyx/rextension-health/registry_default.go:249.55,254.33 4 1
github.com/kryovyx/rextension-health/registry_default.go:254.33,255.71 1 1
github.com/kryovyx/rextension-health/registry_default.go:255.71,257.4 1 1
github.com/kryovyx/rextension-health/registry_default.go:262.47,266.2 3 1
github.com/kryovyx/rextension-health/route_dep_map.go:21.42,22.11 1 1
github.com/kryovyx/rextension-health/route_dep_map.go:23.23,24.16 1 1
github.com/kryovyx/rextension-health/route_dep_map.go:25.23,26.16 1 1
github.com/kryovyx/rextension-health/route_dep_map.go:27.10,28.19 1 1
github.com/kryovyx/rextension-health/route_dep_map.go:40.54,46.2 1 1
github.com/kryovyx/rextension-health/route_dep_map.go:49.54,55.2 1 1
github.com/kryovyx/rextension-health/route_dep_map.go:58.69,61.2 2 1
github.com/kryovyx/rextension-health/route_dep_map.go:76.42,78.2 1 1
github.com/kryovyx/rextension-health/route_dep_map_default.go:17.35,21.2 1 1
github.com/kryovyx/rextension-health/route_dep_map_default.go:24.79,28.2 3 1
github.com/kryovyx/rextension-health/route_dep_map_default.go:31.60,35.9 4 1
github.com/kryovyx/rextension-health/route_dep_map_default.go:35.9,37.3 1 1
github.com/kryovyx/rextension-health/route_dep_map_default.go:39.2,41.15 3 1
github.com/kryovyx/rextension-health/route_dep_map_default.go:45.46,49.2 3 1
github.com/kryovyx/rextension-health/route_dep_map_default.go:52.60,56.27 4 1
github.com/kryovyx/rextension-health/route_dep_map_default.go:56.27,60.3 3 1
github.com/kryovyx/rextension-health/route_dep_map_default.go:61.2,61.15 1 1
github.com/kryovyx/rextension-health/route_live.go:14.44,15.16 1 1
github.com/kryovyx/rextension-health/route_live.go:15.16,17.3 1 1
github.com/kryovyx/rextension-health/route_live.go:18.2,18.56 1 1
github.com/kryovyx/rextension-health/route_live.go:18.56,21.3 2 1
github.com/kryovyx/rextension-health/route_live.go:25.33,26.71 1 1
github.com/kryovyx/rextension-health/route_live.go:26.71,30.3 3 1
github.com/kryovyx/rextension-health/route_ready.go:14.66,15.16 1 1
github.com/kryovyx/rextension-health/route_ready.go:15.16,17.3 1 1
github.com/kryovyx/rextension-health/route_ready.go:18.2,18.56 1 1
github.com/kryovyx/rextension-health/route_ready.go:18.56,27.39 4 1
github.com/kryovyx/rextension-health/route_ready.go:27.39,29.4 1 1
github.com/kryovyx/rextension-health/route_ready.go:31.3,31.29 1 1
github.com/kryovyx/rextension-health/route_ready.go:36.53,37.71 1 1
github.com/kryovyx/rextension-health/route_ready.go:37.71,47.39 5 1
github.com/kryovyx/rextension-health/route_ready.go:47.39,49.4 1 1
github.com/kryovyx/rextension-health/route_ready.go:50.3,51.34 2 1
github.com/kryovyx/rextension-health/route_status.go:14.93,15.16 1 1
github.com/kryovyx/rextension-health/route_status.go:15.16,17.3 1 1
github.com/kryovyx/rextension-health/route_status.go:18.2,18.56 1 1
github.com/kryovyx/rextension-health/route_status.go:18.56,29.24 3 1
github.com/kryovyx/rextension-health/route_status.go:29.24,31.4 1 1
github.com/kryovyx/rextension-health/route_status.go:33.3,34.39 2 1
github.com/kryovyx/rextension-health/route_status.go:34.39,36.4 1 1
github.com/kryovyx/rextension-health/route_status.go:38.3,38.29 1 1
github.com/kryovyx/rextension-health/route_status.go:44.80,45.71 1 1
github.com/kryovyx/rextension-health/route_status.go:45.71,55.24 3 1
github.com/kryovyx/rextension-health/route_status.go:55.24,57.4 1 1
github.com/kryovyx/rextension-health/route_status.go:59.3,61.39 3 1
github.com/kryovyx/rextension-health/route_status.go:61.39,63.4 1 1
github.com/kryovyx/rextension-health/route_status.go:64.3,65.34 2 1
github.com/kryovyx/rextension-health/snapshot_cache.go:21.30,28.2 1 1
github.com/kryovyx/rextension-health/snapshot_cache.go:31.43,33.34 2 1
github.com/kryovyx/rextension-health/snapshot_cache.go:33.34,34.28 1 1
github.com/kryovyx/rextension-health/snapshot_cache.go:34.28,36.4 1 1
github.com/kryovyx/rextension-health/snapshot_cache.go:38.2,38.37 1 1
github.com/kryovyx/rextension-health/snapshot_cache.go:38.37,39.25 1 1
github.com/kryovyx/rextension-health/snapshot_cache.go:39.25,41.4 1 1
github.com/kryovyx/rextension-health/snapshot_cache.go:43.2,43.25 1 1
github.com/kryovyx/rextension-health/snapshot_cache.go:72.101,73.14 1 1
github.com/kryovyx/rextension-health/snapshot_cache.go:73.14,75.3 1 1
github.com/kryovyx/rextension-health/snapshot_cache.go:76.2,80.3 1 1
github.com/kryovyx/rextension-health/snapshot_cache.go:84.60,86.60 2 1
github.com/kryovyx/rextension-health/snapshot_cache.go:86.60,90.3 3 1
github.com/kryovyx/rextension-health/snapshot_cache.go:91.2,97.60 4 1
github.com/kryovyx/rextension-health/snapshot_cache.go:97.60,99.3 1 0
github.com/kryovyx/rextension-health/snapshot_cache.go:101.2,103.19 3 1
github.com/kryovyx/rextension-health/snapshot_cache.go:107.69,109.71 2 1
github.com/kryovyx/rextension-health/snapshot_cache.go:109.71,113.3 3 1
github.com/kryovyx/rextension-health/snapshot_cache.go:114.2,120.71 4 1
github.com/kryovyx/rextension-health/snapshot_cache.go:120.71,122.3 1 0
github.com/kryovyx/rextension-health/snapshot_cache.go:124.2,126.28 3 1
github.com/kryovyx/rextension-health/snapshot_cache.go:130.90,135.19 3 1
github.com/kryovyx/rextension-health/snapshot_cache.go:135.19,137.3 1 1
github.com/kryovyx/rextension-health/snapshot_cache.go:137.8,139.3 1 1
github.com/kryovyx/rextension-health/snapshot_cache.go:140.2,143.25 2 1
github.com/kryovyx/rextension-health/snapshot_cache.go:143.25,145.3 1 1
github.com/kryovyx/rextension-health/snapshot_cache.go:147.2,148.13 2 1
github.com/kryovyx/rextension-health/snapshot_cache.go:152.38,159.2 6 1
github.com/kryovyx/rextension-health/snapshot_cache.go:162.51,166.2 3 1
